<?xml version="1.0" encoding="UTF-8"?>
<testsuite xmlns:xsi="http://www.w3.org/2001/XMLSchema-instance" xsi:noNamespaceSchemaLocation="https://maven.apache.org/surefire/maven-surefire-plugin/xsd/surefire-test-report-3.0.xsd" version="3.0" name="com.cockroachlabs.university.javatransactions.SpringBootJdbiApplicationIntegrationTest" time="5.682" tests="2" errors="0" skipped="0" failures="0">
  <properties>
[...]
</properties>
  <testcase name="givenNewCart_whenInsertNewCart_thenSuccess" classname="com.cockroachlabs.university.javatransactions.SpringBootJdbiApplicationIntegrationTest" time="0.7">
    <system-out><![CDATA[
  .   ____          _            __ _ _
 /\\ / ___'_ __ _ _(_)_ __  __ _ \ \ \ \
( ( )\___ | '_ | '_| | '_ \/ _` | \ \ \ \
 \\/  ___)| |_)| | | | | || (_| |  ) ) ) )
  '  |____| .__|_| |_|_| |_\__, | / / / /
 =========|_|==============|___/=/_/_/_/
 :: Spring Boot ::                (v3.0.4)

[2023-03-23 13:56:52,170]-[main] INFO  com.cockroachlabs.university.javatransactions.SpringBootJdbiApplicationIntegrationTest - Starting SpringBootJdbiApplicationIntegrationTest using Java 19.0.2 with PID 51626 (started by will in /Users/will/repo/java_tools/kiki/crdb-jdbi)
[2023-03-23 13:56:52,171]-[main] INFO  com.cockroachlabs.university.javatransactions.SpringBootJdbiApplicationIntegrationTest - The following 1 profile is active: "crdb-pooling-basic"
[2023-03-23 13:56:52,501]-[main] INFO  org.springframework.data.repository.config.RepositoryConfigurationDelegate - Bootstrapping Spring Data JPA repositories in DEFAULT mode.
[2023-03-23 13:56:52,512]-[main] INFO  org.springframework.data.repository.config.RepositoryConfigurationDelegate - Finished Spring Data repository scanning in 7 ms. Found 0 JPA repository interfaces.
[2023-03-23 13:56:52,667]-[main] INFO  org.springframework.cloud.context.scope.GenericScope - BeanFactory id=25d411d7-3aa4-37e8-9326-062abd3d4fd9
[2023-03-23 13:56:52,868]-[main] INFO  com.zaxxer.hikari.HikariDataSource - HikariPoolBooks - Starting...
[2023-03-23 13:56:55,494]-[main] INFO  com.zaxxer.hikari.pool.HikariPool - HikariPoolBooks - Added connection org.postgresql.jdbc.PgConnection@36551e97
[2023-03-23 13:56:55,496]-[main] INFO  com.zaxxer.hikari.HikariDataSource - HikariPoolBooks - Start completed.
[2023-03-23 13:56:55,576]-[main] INFO  org.hibernate.jpa.internal.util.LogHelper - HHH000204: Processing PersistenceUnitInfo [name: default]
[2023-03-23 13:56:55,608]-[main] INFO  org.hibernate.Version - HHH000412: Hibernate ORM core version 6.1.7.Final
[2023-03-23 13:56:55,882]-[main] INFO  SQL dialect - HHH000400: Using dialect: org.hibernate.dialect.CockroachDialect
[2023-03-23 13:56:56,054]-[main] INFO  org.hibernate.engine.transaction.jta.platform.internal.JtaPlatformInitiator - HHH000490: Using JtaPlatform implementation: [org.hibernate.engine.transaction.jta.platform.internal.NoJtaPlatform]
[2023-03-23 13:56:56,058]-[main] INFO  org.springframework.orm.jpa.LocalContainerEntityManagerFactoryBean - Initialized JPA EntityManagerFactory for persistence unit 'default'
[2023-03-23 13:56:56,113]-[main] INFO  com.cockroachlabs.university.javatransactions.JdbiConfiguration - [I27] Installing plugins... (1 found)
[2023-03-23 13:56:56,334]-[main] WARN  org.springframework.boot.autoconfigure.orm.jpa.JpaBaseConfiguration$JpaWebConfiguration - spring.jpa.open-in-view is enabled by default. Therefore, database queries may be performed during view rendering. Explicitly configure spring.jpa.open-in-view to disable this warning
[2023-03-23 13:56:56,731]-[main] INFO  com.cockroachlabs.university.javatransactions.SpringBootJdbiApplicationIntegrationTest - Started SpringBootJdbiApplicationIntegrationTest in 4.721 seconds (process running for 5.19)
[2023-03-23 13:56:56,981]-[main] INFO  com.cockroachlabs.university.javatransactions.SpringBootJdbiApplicationIntegrationTest - [I37] generatedId = 393c409e-64ee-410f-9d59-80b945b45aba
[2023-03-23 13:56:57,421]-[main] INFO  com.cockroachlabs.university.javatransactions.SpringBootJdbiApplicationIntegrationTest - Generated ID = b832c0e1-f563-4045-9a2a-0910bf356760
]]></system-out>
  </testcase>
  <testcase name="givenNewItem_whenInsertNewItem_thenSuccess" classname="com.cockroachlabs.university.javatransactions.SpringBootJdbiApplicationIntegrationTest" time="0.035">
    <system-out><![CDATA[[2023-03-23 13:56:57,472]-[main] INFO  com.cockroachlabs.university.javatransactions.SpringBootJdbiApplicationIntegrationTest - [I37] generatedId = 112bf0fa-cb05-4170-81c6-4657442299bf
]]></system-out>
  </testcase>
</testsuite>